{"/Users/brooks/Documents/git/new-eleusis/src/engine/deck.ts": {"path":"/Users/brooks/Documents/git/new-eleusis/src/engine/deck.ts","statementMap":{"0":{"start":{"line":7,"column":22},"end":{"line":7,"column":null}},"1":{"start":{"line":8,"column":22},"end":{"line":8,"column":null}},"2":{"start":{"line":14,"column":23},"end":{"line":14,"column":null}},"3":{"start":{"line":17,"column":2},"end":{"line":27,"column":null}},"4":{"start":{"line":17,"column":21},"end":{"line":17,"column":24}},"5":{"start":{"line":18,"column":4},"end":{"line":26,"column":null}},"6":{"start":{"line":19,"column":6},"end":{"line":25,"column":null}},"7":{"start":{"line":20,"column":8},"end":{"line":24,"column":null}},"8":{"start":{"line":29,"column":2},"end":{"line":29,"column":null}},"9":{"start":{"line":36,"column":19},"end":{"line":36,"column":null}},"10":{"start":{"line":38,"column":2},"end":{"line":41,"column":null}},"11":{"start":{"line":38,"column":15},"end":{"line":38,"column":36}},"12":{"start":{"line":39,"column":14},"end":{"line":39,"column":null}},"13":{"start":{"line":40,"column":4},"end":{"line":40,"column":null}},"14":{"start":{"line":43,"column":2},"end":{"line":43,"column":null}},"15":{"start":{"line":51,"column":16},"end":{"line":51,"column":null}},"16":{"start":{"line":52,"column":20},"end":{"line":52,"column":null}},"17":{"start":{"line":54,"column":2},"end":{"line":54,"column":null}},"18":{"start":{"line":61,"column":39},"end":{"line":75,"column":null}},"19":{"start":{"line":76,"column":2},"end":{"line":76,"column":null}},"20":{"start":{"line":83,"column":2},"end":{"line":83,"column":null}},"21":{"start":{"line":90,"column":2},"end":{"line":90,"column":null}},"22":{"start":{"line":97,"column":16},"end":{"line":97,"column":null}},"23":{"start":{"line":98,"column":2},"end":{"line":98,"column":null}}},"fnMap":{"0":{"name":"createDeck","decl":{"start":{"line":13,"column":16},"end":{"line":13,"column":37}},"loc":{"start":{"line":13,"column":37},"end":{"line":30,"column":null}},"line":13},"1":{"name":"shuffle","decl":{"start":{"line":35,"column":16},"end":{"line":35,"column":24}},"loc":{"start":{"line":35,"column":46},"end":{"line":44,"column":null}},"line":35},"2":{"name":"dealCards","decl":{"start":{"line":50,"column":16},"end":{"line":50,"column":26}},"loc":{"start":{"line":50,"column":93},"end":{"line":55,"column":null}},"line":50},"3":{"name":"getRankValue","decl":{"start":{"line":60,"column":16},"end":{"line":60,"column":29}},"loc":{"start":{"line":60,"column":49},"end":{"line":77,"column":null}},"line":60},"4":{"name":"getSuitColor","decl":{"start":{"line":82,"column":16},"end":{"line":82,"column":29}},"loc":{"start":{"line":82,"column":58},"end":{"line":84,"column":null}},"line":82},"5":{"name":"isFaceCard","decl":{"start":{"line":89,"column":16},"end":{"line":89,"column":27}},"loc":{"start":{"line":89,"column":48},"end":{"line":91,"column":null}},"line":89},"6":{"name":"isEvenRank","decl":{"start":{"line":96,"column":16},"end":{"line":96,"column":27}},"loc":{"start":{"line":96,"column":48},"end":{"line":99,"column":null}},"line":96}},"branchMap":{"0":{"loc":{"start":{"line":83,"column":9},"end":{"line":83,"column":null}},"type":"cond-expr","locations":[{"start":{"line":83,"column":52},"end":{"line":83,"column":60}},{"start":{"line":83,"column":60},"end":{"line":83,"column":null}}],"line":83},"1":{"loc":{"start":{"line":83,"column":9},"end":{"line":83,"column":52}},"type":"binary-expr","locations":[{"start":{"line":83,"column":9},"end":{"line":83,"column":30}},{"start":{"line":83,"column":30},"end":{"line":83,"column":52}}],"line":83},"2":{"loc":{"start":{"line":90,"column":9},"end":{"line":90,"column":null}},"type":"binary-expr","locations":[{"start":{"line":90,"column":9},"end":{"line":90,"column":25}},{"start":{"line":90,"column":25},"end":{"line":90,"column":41}},{"start":{"line":90,"column":41},"end":{"line":90,"column":null}}],"line":90}},"s":{"0":5,"1":5,"2":65,"3":65,"4":65,"5":130,"6":520,"7":6760,"8":65,"9":27,"10":27,"11":27,"12":2781,"13":2781,"14":27,"15":34,"16":34,"17":34,"18":50,"19":50,"20":32,"21":10,"22":23,"23":23},"f":{"0":65,"1":27,"2":34,"3":50,"4":32,"5":10,"6":23},"b":{"0":[19,13],"1":[32,17],"2":[10,8,6]},"meta":{"lastBranch":3,"lastFunction":7,"lastStatement":24,"seen":{"s:7:22:7:Infinity":0,"s:8:22:8:Infinity":1,"f:13:16:13:37":0,"s:14:23:14:Infinity":2,"s:17:2:27:Infinity":3,"s:17:21:17:24":4,"s:18:4:26:Infinity":5,"s:19:6:25:Infinity":6,"s:20:8:24:Infinity":7,"s:29:2:29:Infinity":8,"f:35:16:35:24":1,"s:36:19:36:Infinity":9,"s:38:2:41:Infinity":10,"s:38:15:38:36":11,"s:39:14:39:Infinity":12,"s:40:4:40:Infinity":13,"s:43:2:43:Infinity":14,"f:50:16:50:26":2,"s:51:16:51:Infinity":15,"s:52:20:52:Infinity":16,"s:54:2:54:Infinity":17,"f:60:16:60:29":3,"s:61:39:75:Infinity":18,"s:76:2:76:Infinity":19,"f:82:16:82:29":4,"s:83:2:83:Infinity":20,"b:83:52:83:60:83:60:83:Infinity":0,"b:83:9:83:30:83:30:83:52":1,"f:89:16:89:27":5,"s:90:2:90:Infinity":21,"b:90:9:90:25:90:25:90:41:90:41:90:Infinity":2,"f:96:16:96:27":6,"s:97:16:97:Infinity":22,"s:98:2:98:Infinity":23}}}
,"/Users/brooks/Documents/git/new-eleusis/src/engine/reducer.ts": {"path":"/Users/brooks/Documents/git/new-eleusis/src/engine/reducer.ts","statementMap":{"0":{"start":{"line":14,"column":2},"end":{"line":24,"column":null}},"1":{"start":{"line":32,"column":28},"end":{"line":42,"column":null}},"2":{"start":{"line":32,"column":56},"end":{"line":42,"column":4}},"3":{"start":{"line":45,"column":8},"end":{"line":45,"column":null}},"4":{"start":{"line":47,"column":2},"end":{"line":58,"column":null}},"5":{"start":{"line":65,"column":2},"end":{"line":69,"column":null}},"6":{"start":{"line":76,"column":22},"end":{"line":76,"column":null}},"7":{"start":{"line":77,"column":25},"end":{"line":89,"column":null}},"8":{"start":{"line":78,"column":4},"end":{"line":80,"column":null}},"9":{"start":{"line":79,"column":6},"end":{"line":79,"column":null}},"10":{"start":{"line":82,"column":29},"end":{"line":82,"column":null}},"11":{"start":{"line":83,"column":4},"end":{"line":83,"column":null}},"12":{"start":{"line":85,"column":4},"end":{"line":88,"column":null}},"13":{"start":{"line":92,"column":17},"end":{"line":92,"column":null}},"14":{"start":{"line":93,"column":2},"end":{"line":101,"column":null}},"15":{"start":{"line":94,"column":24},"end":{"line":94,"column":null}},"16":{"start":{"line":95,"column":4},"end":{"line":95,"column":null}},"17":{"start":{"line":96,"column":4},"end":{"line":100,"column":null}},"18":{"start":{"line":103,"column":2},"end":{"line":109,"column":null}},"19":{"start":{"line":116,"column":17},"end":{"line":116,"column":null}},"20":{"start":{"line":116,"column":41},"end":{"line":116,"column":65}},"21":{"start":{"line":117,"column":2},"end":{"line":119,"column":null}},"22":{"start":{"line":118,"column":4},"end":{"line":118,"column":null}},"23":{"start":{"line":122,"column":22},"end":{"line":124,"column":null}},"24":{"start":{"line":123,"column":15},"end":{"line":123,"column":49}},"25":{"start":{"line":123,"column":37},"end":{"line":123,"column":48}},"26":{"start":{"line":124,"column":30},"end":{"line":124,"column":45}},"27":{"start":{"line":126,"column":2},"end":{"line":128,"column":null}},"28":{"start":{"line":127,"column":4},"end":{"line":127,"column":null}},"29":{"start":{"line":131,"column":25},"end":{"line":139,"column":null}},"30":{"start":{"line":132,"column":4},"end":{"line":137,"column":null}},"31":{"start":{"line":133,"column":6},"end":{"line":136,"column":null}},"32":{"start":{"line":135,"column":33},"end":{"line":135,"column":63}},"33":{"start":{"line":138,"column":4},"end":{"line":138,"column":null}},"34":{"start":{"line":143,"column":2},"end":{"line":146,"column":null}},"35":{"start":{"line":153,"column":24},"end":{"line":153,"column":null}},"36":{"start":{"line":156,"column":22},"end":{"line":157,"column":null}},"37":{"start":{"line":156,"column":43},"end":{"line":156,"column":65}},"38":{"start":{"line":157,"column":31},"end":{"line":157,"column":37}},"39":{"start":{"line":157,"column":49},"end":{"line":157,"column":71}},"40":{"start":{"line":159,"column":2},"end":{"line":161,"column":null}},"41":{"start":{"line":160,"column":4},"end":{"line":160,"column":null}},"42":{"start":{"line":163,"column":33},"end":{"line":167,"column":null}},"43":{"start":{"line":170,"column":26},"end":{"line":170,"column":null}},"44":{"start":{"line":171,"column":2},"end":{"line":182,"column":null}},"45":{"start":{"line":172,"column":4},"end":{"line":172,"column":null}},"46":{"start":{"line":175,"column":4},"end":{"line":181,"column":null}},"47":{"start":{"line":176,"column":23},"end":{"line":176,"column":null}},"48":{"start":{"line":177,"column":6},"end":{"line":179,"column":null}},"49":{"start":{"line":178,"column":8},"end":{"line":178,"column":null}},"50":{"start":{"line":180,"column":6},"end":{"line":180,"column":null}},"51":{"start":{"line":184,"column":2},"end":{"line":187,"column":null}},"52":{"start":{"line":194,"column":25},"end":{"line":199,"column":null}},"53":{"start":{"line":195,"column":4},"end":{"line":197,"column":null}},"54":{"start":{"line":196,"column":6},"end":{"line":196,"column":null}},"55":{"start":{"line":198,"column":4},"end":{"line":198,"column":null}},"56":{"start":{"line":201,"column":2},"end":{"line":204,"column":null}},"57":{"start":{"line":211,"column":25},"end":{"line":216,"column":null}},"58":{"start":{"line":212,"column":4},"end":{"line":214,"column":null}},"59":{"start":{"line":213,"column":6},"end":{"line":213,"column":null}},"60":{"start":{"line":215,"column":4},"end":{"line":215,"column":null}},"61":{"start":{"line":218,"column":2},"end":{"line":221,"column":null}},"62":{"start":{"line":228,"column":26},"end":{"line":239,"column":null}},"63":{"start":{"line":229,"column":4},"end":{"line":237,"column":null}},"64":{"start":{"line":230,"column":6},"end":{"line":236,"column":null}},"65":{"start":{"line":238,"column":4},"end":{"line":238,"column":null}},"66":{"start":{"line":241,"column":2},"end":{"line":244,"column":null}},"67":{"start":{"line":251,"column":15},"end":{"line":251,"column":null}},"68":{"start":{"line":251,"column":41},"end":{"line":251,"column":64}},"69":{"start":{"line":252,"column":2},"end":{"line":254,"column":null}},"70":{"start":{"line":253,"column":4},"end":{"line":253,"column":null}},"71":{"start":{"line":256,"column":28},"end":{"line":256,"column":null}},"72":{"start":{"line":257,"column":34},"end":{"line":257,"column":null}},"73":{"start":{"line":259,"column":2},"end":{"line":262,"column":null}},"74":{"start":{"line":269,"column":17},"end":{"line":269,"column":null}},"75":{"start":{"line":269,"column":41},"end":{"line":269,"column":65}},"76":{"start":{"line":270,"column":2},"end":{"line":272,"column":null}},"77":{"start":{"line":271,"column":4},"end":{"line":271,"column":null}},"78":{"start":{"line":274,"column":2},"end":{"line":282,"column":null}},"79":{"start":{"line":289,"column":2},"end":{"line":291,"column":null}},"80":{"start":{"line":290,"column":4},"end":{"line":290,"column":null}},"81":{"start":{"line":293,"column":2},"end":{"line":300,"column":null}},"82":{"start":{"line":307,"column":2},"end":{"line":309,"column":null}},"83":{"start":{"line":308,"column":4},"end":{"line":308,"column":null}},"84":{"start":{"line":311,"column":22},"end":{"line":311,"column":null}},"85":{"start":{"line":312,"column":17},"end":{"line":312,"column":null}},"86":{"start":{"line":312,"column":41},"end":{"line":312,"column":70}},"87":{"start":{"line":314,"column":2},"end":{"line":320,"column":null}},"88":{"start":{"line":315,"column":4},"end":{"line":319,"column":null}},"89":{"start":{"line":322,"column":23},"end":{"line":322,"column":null}},"90":{"start":{"line":324,"column":2},"end":{"line":356,"column":null}},"91":{"start":{"line":326,"column":29},"end":{"line":326,"column":null}},"92":{"start":{"line":327,"column":4},"end":{"line":332,"column":null}},"93":{"start":{"line":328,"column":6},"end":{"line":330,"column":null}},"94":{"start":{"line":329,"column":8},"end":{"line":329,"column":null}},"95":{"start":{"line":331,"column":6},"end":{"line":331,"column":null}},"96":{"start":{"line":334,"column":4},"end":{"line":340,"column":null}},"97":{"start":{"line":343,"column":4},"end":{"line":348,"column":null}},"98":{"start":{"line":344,"column":6},"end":{"line":346,"column":null}},"99":{"start":{"line":345,"column":8},"end":{"line":345,"column":null}},"100":{"start":{"line":347,"column":6},"end":{"line":347,"column":null}},"101":{"start":{"line":350,"column":4},"end":{"line":355,"column":null}},"102":{"start":{"line":363,"column":25},"end":{"line":373,"column":null}},"103":{"start":{"line":364,"column":4},"end":{"line":371,"column":null}},"104":{"start":{"line":365,"column":25},"end":{"line":365,"column":null}},"105":{"start":{"line":366,"column":6},"end":{"line":370,"column":null}},"106":{"start":{"line":372,"column":4},"end":{"line":372,"column":null}},"107":{"start":{"line":375,"column":2},"end":{"line":378,"column":null}},"108":{"start":{"line":385,"column":25},"end":{"line":390,"column":null}},"109":{"start":{"line":386,"column":4},"end":{"line":388,"column":null}},"110":{"start":{"line":387,"column":6},"end":{"line":387,"column":null}},"111":{"start":{"line":389,"column":4},"end":{"line":389,"column":null}},"112":{"start":{"line":392,"column":2},"end":{"line":395,"column":null}},"113":{"start":{"line":403,"column":24},"end":{"line":403,"column":null}},"114":{"start":{"line":404,"column":21},"end":{"line":404,"column":null}},"115":{"start":{"line":406,"column":2},"end":{"line":411,"column":null}},"116":{"start":{"line":407,"column":4},"end":{"line":410,"column":null}},"117":{"start":{"line":414,"column":6},"end":{"line":414,"column":null}},"118":{"start":{"line":415,"column":19},"end":{"line":415,"column":null}},"119":{"start":{"line":416,"column":2},"end":{"line":423,"column":null}},"120":{"start":{"line":421,"column":4},"end":{"line":421,"column":null}},"121":{"start":{"line":422,"column":4},"end":{"line":422,"column":null}},"122":{"start":{"line":426,"column":2},"end":{"line":431,"column":null}},"123":{"start":{"line":427,"column":4},"end":{"line":430,"column":null}},"124":{"start":{"line":433,"column":2},"end":{"line":437,"column":null}},"125":{"start":{"line":444,"column":2},"end":{"line":447,"column":null}},"126":{"start":{"line":454,"column":2},"end":{"line":489,"column":null}},"127":{"start":{"line":456,"column":6},"end":{"line":456,"column":null}},"128":{"start":{"line":458,"column":6},"end":{"line":458,"column":null}},"129":{"start":{"line":460,"column":6},"end":{"line":460,"column":null}},"130":{"start":{"line":462,"column":6},"end":{"line":462,"column":null}},"131":{"start":{"line":464,"column":6},"end":{"line":464,"column":null}},"132":{"start":{"line":466,"column":6},"end":{"line":466,"column":null}},"133":{"start":{"line":468,"column":6},"end":{"line":468,"column":null}},"134":{"start":{"line":470,"column":6},"end":{"line":470,"column":null}},"135":{"start":{"line":472,"column":6},"end":{"line":472,"column":null}},"136":{"start":{"line":474,"column":6},"end":{"line":474,"column":null}},"137":{"start":{"line":476,"column":6},"end":{"line":476,"column":null}},"138":{"start":{"line":478,"column":6},"end":{"line":478,"column":null}},"139":{"start":{"line":480,"column":6},"end":{"line":480,"column":null}},"140":{"start":{"line":482,"column":6},"end":{"line":482,"column":null}},"141":{"start":{"line":484,"column":6},"end":{"line":484,"column":null}},"142":{"start":{"line":486,"column":6},"end":{"line":486,"column":null}},"143":{"start":{"line":488,"column":6},"end":{"line":488,"column":null}}},"fnMap":{"0":{"name":"createInitialState","decl":{"start":{"line":13,"column":16},"end":{"line":13,"column":48}},"loc":{"start":{"line":13,"column":48},"end":{"line":25,"column":null}},"line":13},"1":{"name":"initGame","decl":{"start":{"line":30,"column":9},"end":{"line":30,"column":18}},"loc":{"start":{"line":30,"column":138},"end":{"line":59,"column":null}},"line":30},"2":{"name":"(anonymous_2)","decl":{"start":{"line":32,"column":49},"end":{"line":32,"column":56}},"loc":{"start":{"line":32,"column":56},"end":{"line":42,"column":4}},"line":32},"3":{"name":"setDealerRule","decl":{"start":{"line":64,"column":9},"end":{"line":64,"column":23}},"loc":{"start":{"line":64,"column":162},"end":{"line":70,"column":null}},"line":64},"4":{"name":"dealCardsToPlayers","decl":{"start":{"line":75,"column":9},"end":{"line":75,"column":28}},"loc":{"start":{"line":75,"column":104},"end":{"line":110,"column":null}},"line":75},"5":{"name":"(anonymous_5)","decl":{"start":{"line":77,"column":43},"end":{"line":77,"column":53}},"loc":{"start":{"line":77,"column":53},"end":{"line":89,"column":3}},"line":77},"6":{"name":"playCard","decl":{"start":{"line":115,"column":9},"end":{"line":115,"column":18}},"loc":{"start":{"line":115,"column":115},"end":{"line":147,"column":null}},"line":115},"7":{"name":"(anonymous_7)","decl":{"start":{"line":116,"column":36},"end":{"line":116,"column":41}},"loc":{"start":{"line":116,"column":41},"end":{"line":116,"column":65}},"line":116},"8":{"name":"(anonymous_8)","decl":{"start":{"line":123,"column":9},"end":{"line":123,"column":15}},"loc":{"start":{"line":123,"column":15},"end":{"line":123,"column":49}},"line":123},"9":{"name":"(anonymous_9)","decl":{"start":{"line":123,"column":32},"end":{"line":123,"column":37}},"loc":{"start":{"line":123,"column":37},"end":{"line":123,"column":48}},"line":123},"10":{"name":"(anonymous_10)","decl":{"start":{"line":124,"column":12},"end":{"line":124,"column":13}},"loc":{"start":{"line":124,"column":30},"end":{"line":124,"column":45}},"line":124},"11":{"name":"(anonymous_11)","decl":{"start":{"line":131,"column":43},"end":{"line":131,"column":48}},"loc":{"start":{"line":131,"column":48},"end":{"line":139,"column":3}},"line":131},"12":{"name":"(anonymous_12)","decl":{"start":{"line":135,"column":28},"end":{"line":135,"column":33}},"loc":{"start":{"line":135,"column":33},"end":{"line":135,"column":63}},"line":135},"13":{"name":"judgeCard","decl":{"start":{"line":152,"column":9},"end":{"line":152,"column":19}},"loc":{"start":{"line":152,"column":114},"end":{"line":188,"column":null}},"line":152},"14":{"name":"(anonymous_14)","decl":{"start":{"line":156,"column":38},"end":{"line":156,"column":43}},"loc":{"start":{"line":156,"column":43},"end":{"line":156,"column":65}},"line":156},"15":{"name":"(anonymous_15)","decl":{"start":{"line":157,"column":26},"end":{"line":157,"column":31}},"loc":{"start":{"line":157,"column":31},"end":{"line":157,"column":37}},"line":157},"16":{"name":"(anonymous_16)","decl":{"start":{"line":157,"column":44},"end":{"line":157,"column":49}},"loc":{"start":{"line":157,"column":49},"end":{"line":157,"column":71}},"line":157},"17":{"name":"declareProphet","decl":{"start":{"line":193,"column":9},"end":{"line":193,"column":24}},"loc":{"start":{"line":193,"column":108},"end":{"line":205,"column":null}},"line":193},"18":{"name":"(anonymous_18)","decl":{"start":{"line":194,"column":43},"end":{"line":194,"column":48}},"loc":{"start":{"line":194,"column":48},"end":{"line":199,"column":3}},"line":194},"19":{"name":"resignProphet","decl":{"start":{"line":210,"column":9},"end":{"line":210,"column":23}},"loc":{"start":{"line":210,"column":106},"end":{"line":222,"column":null}},"line":210},"20":{"name":"(anonymous_20)","decl":{"start":{"line":211,"column":43},"end":{"line":211,"column":48}},"loc":{"start":{"line":211,"column":48},"end":{"line":216,"column":3}},"line":211},"21":{"name":"prophetPredict","decl":{"start":{"line":227,"column":9},"end":{"line":227,"column":24}},"loc":{"start":{"line":227,"column":145},"end":{"line":245,"column":null}},"line":227},"22":{"name":"(anonymous_22)","decl":{"start":{"line":228,"column":45},"end":{"line":228,"column":51}},"loc":{"start":{"line":228,"column":51},"end":{"line":239,"column":3}},"line":228},"23":{"name":"prophetVerify","decl":{"start":{"line":250,"column":9},"end":{"line":250,"column":23}},"loc":{"start":{"line":250,"column":129},"end":{"line":263,"column":null}},"line":250},"24":{"name":"(anonymous_24)","decl":{"start":{"line":251,"column":35},"end":{"line":251,"column":41}},"loc":{"start":{"line":251,"column":41},"end":{"line":251,"column":64}},"line":251},"25":{"name":"declareNoPlay","decl":{"start":{"line":268,"column":9},"end":{"line":268,"column":23}},"loc":{"start":{"line":268,"column":107},"end":{"line":283,"column":null}},"line":268},"26":{"name":"(anonymous_26)","decl":{"start":{"line":269,"column":36},"end":{"line":269,"column":41}},"loc":{"start":{"line":269,"column":41},"end":{"line":269,"column":65}},"line":269},"27":{"name":"disputeNoPlay","decl":{"start":{"line":288,"column":9},"end":{"line":288,"column":23}},"loc":{"start":{"line":288,"column":109},"end":{"line":301,"column":null}},"line":288},"28":{"name":"resolveNoPlay","decl":{"start":{"line":306,"column":9},"end":{"line":306,"column":23}},"loc":{"start":{"line":306,"column":105},"end":{"line":357,"column":null}},"line":306},"29":{"name":"(anonymous_29)","decl":{"start":{"line":312,"column":36},"end":{"line":312,"column":41}},"loc":{"start":{"line":312,"column":41},"end":{"line":312,"column":70}},"line":312},"30":{"name":"(anonymous_30)","decl":{"start":{"line":327,"column":40},"end":{"line":327,"column":45}},"loc":{"start":{"line":327,"column":45},"end":{"line":332,"column":5}},"line":327},"31":{"name":"(anonymous_31)","decl":{"start":{"line":343,"column":40},"end":{"line":343,"column":45}},"loc":{"start":{"line":343,"column":45},"end":{"line":348,"column":5}},"line":343},"32":{"name":"addSuddenDeathMarker","decl":{"start":{"line":362,"column":9},"end":{"line":362,"column":30}},"loc":{"start":{"line":362,"column":122},"end":{"line":379,"column":null}},"line":362},"33":{"name":"(anonymous_33)","decl":{"start":{"line":363,"column":43},"end":{"line":363,"column":48}},"loc":{"start":{"line":363,"column":48},"end":{"line":373,"column":3}},"line":363},"34":{"name":"expelPlayer","decl":{"start":{"line":384,"column":9},"end":{"line":384,"column":21}},"loc":{"start":{"line":384,"column":102},"end":{"line":396,"column":null}},"line":384},"35":{"name":"(anonymous_35)","decl":{"start":{"line":385,"column":43},"end":{"line":385,"column":48}},"loc":{"start":{"line":385,"column":48},"end":{"line":390,"column":3}},"line":385},"36":{"name":"endTurn","decl":{"start":{"line":401,"column":9},"end":{"line":401,"column":17}},"loc":{"start":{"line":401,"column":46},"end":{"line":438,"column":null}},"line":401},"37":{"name":"endGame","decl":{"start":{"line":443,"column":9},"end":{"line":443,"column":17}},"loc":{"start":{"line":443,"column":46},"end":{"line":448,"column":null}},"line":443},"38":{"name":"gameReducer","decl":{"start":{"line":453,"column":16},"end":{"line":453,"column":28}},"loc":{"start":{"line":453,"column":77},"end":{"line":490,"column":null}},"line":453}},"branchMap":{"0":{"loc":{"start":{"line":52,"column":16},"end":{"line":52,"column":null}},"type":"binary-expr","locations":[{"start":{"line":52,"column":16},"end":{"line":52,"column":37}},{"start":{"line":52,"column":37},"end":{"line":52,"column":null}}],"line":52},"1":{"loc":{"start":{"line":78,"column":4},"end":{"line":80,"column":null}},"type":"if","locations":[{"start":{"line":78,"column":4},"end":{"line":80,"column":null}},{"start":{},"end":{}}],"line":78},"2":{"loc":{"start":{"line":93,"column":2},"end":{"line":101,"column":null}},"type":"if","locations":[{"start":{"line":93,"column":2},"end":{"line":101,"column":null}},{"start":{},"end":{}}],"line":93},"3":{"loc":{"start":{"line":93,"column":6},"end":{"line":93,"column":57}},"type":"binary-expr","locations":[{"start":{"line":93,"column":6},"end":{"line":93,"column":31}},{"start":{"line":93,"column":31},"end":{"line":93,"column":57}}],"line":93},"4":{"loc":{"start":{"line":117,"column":2},"end":{"line":119,"column":null}},"type":"if","locations":[{"start":{"line":117,"column":2},"end":{"line":119,"column":null}},{"start":{},"end":{}}],"line":117},"5":{"loc":{"start":{"line":126,"column":2},"end":{"line":128,"column":null}},"type":"if","locations":[{"start":{"line":126,"column":2},"end":{"line":128,"column":null}},{"start":{},"end":{}}],"line":126},"6":{"loc":{"start":{"line":132,"column":4},"end":{"line":137,"column":null}},"type":"if","locations":[{"start":{"line":132,"column":4},"end":{"line":137,"column":null}},{"start":{},"end":{}}],"line":132},"7":{"loc":{"start":{"line":156,"column":22},"end":{"line":157,"column":null}},"type":"binary-expr","locations":[{"start":{"line":156,"column":22},"end":{"line":156,"column":null}},{"start":{"line":157,"column":4},"end":{"line":157,"column":null}}],"line":156},"8":{"loc":{"start":{"line":159,"column":2},"end":{"line":161,"column":null}},"type":"if","locations":[{"start":{"line":159,"column":2},"end":{"line":161,"column":null}},{"start":{},"end":{}}],"line":159},"9":{"loc":{"start":{"line":171,"column":2},"end":{"line":182,"column":null}},"type":"if","locations":[{"start":{"line":171,"column":2},"end":{"line":182,"column":null}},{"start":{"line":173,"column":9},"end":{"line":182,"column":null}}],"line":171},"10":{"loc":{"start":{"line":175,"column":4},"end":{"line":181,"column":null}},"type":"if","locations":[{"start":{"line":175,"column":4},"end":{"line":181,"column":null}},{"start":{},"end":{}}],"line":175},"11":{"loc":{"start":{"line":177,"column":6},"end":{"line":179,"column":null}},"type":"if","locations":[{"start":{"line":177,"column":6},"end":{"line":179,"column":null}},{"start":{},"end":{}}],"line":177},"12":{"loc":{"start":{"line":195,"column":4},"end":{"line":197,"column":null}},"type":"if","locations":[{"start":{"line":195,"column":4},"end":{"line":197,"column":null}},{"start":{},"end":{}}],"line":195},"13":{"loc":{"start":{"line":212,"column":4},"end":{"line":214,"column":null}},"type":"if","locations":[{"start":{"line":212,"column":4},"end":{"line":214,"column":null}},{"start":{},"end":{}}],"line":212},"14":{"loc":{"start":{"line":229,"column":4},"end":{"line":237,"column":null}},"type":"if","locations":[{"start":{"line":229,"column":4},"end":{"line":237,"column":null}},{"start":{},"end":{}}],"line":229},"15":{"loc":{"start":{"line":252,"column":2},"end":{"line":254,"column":null}},"type":"if","locations":[{"start":{"line":252,"column":2},"end":{"line":254,"column":null}},{"start":{},"end":{}}],"line":252},"16":{"loc":{"start":{"line":252,"column":6},"end":{"line":252,"column":40}},"type":"binary-expr","locations":[{"start":{"line":252,"column":6},"end":{"line":252,"column":15}},{"start":{"line":252,"column":15},"end":{"line":252,"column":40}}],"line":252},"17":{"loc":{"start":{"line":257,"column":34},"end":{"line":257,"column":null}},"type":"cond-expr","locations":[{"start":{"line":257,"column":54},"end":{"line":257,"column":87}},{"start":{"line":257,"column":87},"end":{"line":257,"column":null}}],"line":257},"18":{"loc":{"start":{"line":270,"column":2},"end":{"line":272,"column":null}},"type":"if","locations":[{"start":{"line":270,"column":2},"end":{"line":272,"column":null}},{"start":{},"end":{}}],"line":270},"19":{"loc":{"start":{"line":289,"column":2},"end":{"line":291,"column":null}},"type":"if","locations":[{"start":{"line":289,"column":2},"end":{"line":291,"column":null}},{"start":{},"end":{}}],"line":289},"20":{"loc":{"start":{"line":307,"column":2},"end":{"line":309,"column":null}},"type":"if","locations":[{"start":{"line":307,"column":2},"end":{"line":309,"column":null}},{"start":{},"end":{}}],"line":307},"21":{"loc":{"start":{"line":314,"column":2},"end":{"line":320,"column":null}},"type":"if","locations":[{"start":{"line":314,"column":2},"end":{"line":320,"column":null}},{"start":{},"end":{}}],"line":314},"22":{"loc":{"start":{"line":324,"column":2},"end":{"line":356,"column":null}},"type":"if","locations":[{"start":{"line":324,"column":2},"end":{"line":356,"column":null}},{"start":{"line":341,"column":9},"end":{"line":356,"column":null}}],"line":324},"23":{"loc":{"start":{"line":328,"column":6},"end":{"line":330,"column":null}},"type":"if","locations":[{"start":{"line":328,"column":6},"end":{"line":330,"column":null}},{"start":{},"end":{}}],"line":328},"24":{"loc":{"start":{"line":344,"column":6},"end":{"line":346,"column":null}},"type":"if","locations":[{"start":{"line":344,"column":6},"end":{"line":346,"column":null}},{"start":{},"end":{}}],"line":344},"25":{"loc":{"start":{"line":364,"column":4},"end":{"line":371,"column":null}},"type":"if","locations":[{"start":{"line":364,"column":4},"end":{"line":371,"column":null}},{"start":{},"end":{}}],"line":364},"26":{"loc":{"start":{"line":386,"column":4},"end":{"line":388,"column":null}},"type":"if","locations":[{"start":{"line":386,"column":4},"end":{"line":388,"column":null}},{"start":{},"end":{}}],"line":386},"27":{"loc":{"start":{"line":406,"column":2},"end":{"line":411,"column":null}},"type":"if","locations":[{"start":{"line":406,"column":2},"end":{"line":411,"column":null}},{"start":{},"end":{}}],"line":406},"28":{"loc":{"start":{"line":417,"column":4},"end":{"line":419,"column":null}},"type":"binary-expr","locations":[{"start":{"line":417,"column":4},"end":{"line":417,"column":null}},{"start":{"line":418,"column":5},"end":{"line":418,"column":null}},{"start":{"line":419,"column":6},"end":{"line":419,"column":null}}],"line":417},"29":{"loc":{"start":{"line":426,"column":2},"end":{"line":431,"column":null}},"type":"if","locations":[{"start":{"line":426,"column":2},"end":{"line":431,"column":null}},{"start":{},"end":{}}],"line":426},"30":{"loc":{"start":{"line":454,"column":2},"end":{"line":489,"column":null}},"type":"switch","locations":[{"start":{"line":455,"column":4},"end":{"line":456,"column":null}},{"start":{"line":457,"column":4},"end":{"line":458,"column":null}},{"start":{"line":459,"column":4},"end":{"line":460,"column":null}},{"start":{"line":461,"column":4},"end":{"line":462,"column":null}},{"start":{"line":463,"column":4},"end":{"line":464,"column":null}},{"start":{"line":465,"column":4},"end":{"line":466,"column":null}},{"start":{"line":467,"column":4},"end":{"line":468,"column":null}},{"start":{"line":469,"column":4},"end":{"line":470,"column":null}},{"start":{"line":471,"column":4},"end":{"line":472,"column":null}},{"start":{"line":473,"column":4},"end":{"line":474,"column":null}},{"start":{"line":475,"column":4},"end":{"line":476,"column":null}},{"start":{"line":477,"column":4},"end":{"line":478,"column":null}},{"start":{"line":479,"column":4},"end":{"line":480,"column":null}},{"start":{"line":481,"column":4},"end":{"line":482,"column":null}},{"start":{"line":483,"column":4},"end":{"line":484,"column":null}},{"start":{"line":485,"column":4},"end":{"line":486,"column":null}},{"start":{"line":487,"column":4},"end":{"line":488,"column":null}}],"line":454}},"s":{"0":26,"1":23,"2":64,"3":23,"4":23,"5":2,"6":14,"7":14,"8":42,"9":14,"10":28,"11":28,"12":28,"13":14,"14":14,"15":14,"16":14,"17":14,"18":14,"19":0,"20":0,"21":0,"22":0,"23":0,"24":0,"25":0,"26":0,"27":0,"28":0,"29":0,"30":0,"31":0,"32":0,"33":0,"34":0,"35":0,"36":0,"37":0,"38":0,"39":0,"40":0,"41":0,"42":0,"43":0,"44":0,"45":0,"46":0,"47":0,"48":0,"49":0,"50":0,"51":0,"52":3,"53":9,"54":3,"55":6,"56":3,"57":1,"58":3,"59":1,"60":2,"61":1,"62":0,"63":0,"64":0,"65":0,"66":0,"67":0,"68":0,"69":0,"70":0,"71":0,"72":0,"73":0,"74":6,"75":12,"76":6,"77":0,"78":6,"79":1,"80":0,"81":1,"82":3,"83":0,"84":3,"85":3,"86":6,"87":3,"88":0,"89":3,"90":3,"91":2,"92":2,"93":6,"94":2,"95":4,"96":2,"97":1,"98":3,"99":1,"100":2,"101":1,"102":4,"103":8,"104":4,"105":4,"106":4,"107":4,"108":1,"109":2,"110":1,"111":1,"112":1,"113":4,"114":4,"115":4,"116":0,"117":4,"118":4,"119":4,"120":1,"121":1,"122":4,"123":1,"124":3,"125":1,"126":63,"127":23,"128":2,"129":14,"130":0,"131":0,"132":3,"133":1,"134":0,"135":0,"136":6,"137":1,"138":3,"139":4,"140":1,"141":4,"142":1,"143":0},"f":{"0":26,"1":23,"2":64,"3":2,"4":14,"5":42,"6":0,"7":0,"8":0,"9":0,"10":0,"11":0,"12":0,"13":0,"14":0,"15":0,"16":0,"17":3,"18":9,"19":1,"20":3,"21":0,"22":0,"23":0,"24":0,"25":6,"26":12,"27":1,"28":3,"29":6,"30":6,"31":3,"32":4,"33":8,"34":1,"35":2,"36":4,"37":1,"38":63},"b":{"0":[23,22],"1":[14,28],"2":[14,0],"3":[14,14],"4":[0,0],"5":[0,0],"6":[0,0],"7":[0,0],"8":[0,0],"9":[0,0],"10":[0,0],"11":[0,0],"12":[3,6],"13":[1,2],"14":[0,0],"15":[0,0],"16":[0,0],"17":[0,0],"18":[0,6],"19":[0,1],"20":[0,3],"21":[0,3],"22":[2,1],"23":[2,4],"24":[1,2],"25":[4,4],"26":[1,1],"27":[0,4],"28":[4,5,4],"29":[1,3],"30":[23,2,14,0,0,3,1,0,0,6,1,3,4,1,4,1,0]},"meta":{"lastBranch":31,"lastFunction":39,"lastStatement":144,"seen":{"f:13:16:13:48":0,"s:14:2:24:Infinity":0,"f:30:9:30:18":1,"s:32:28:42:Infinity":1,"f:32:49:32:56":2,"s:32:56:42:4":2,"s:45:8:45:Infinity":3,"s:47:2:58:Infinity":4,"b:52:16:52:37:52:37:52:Infinity":0,"f:64:9:64:23":3,"s:65:2:69:Infinity":5,"f:75:9:75:28":4,"s:76:22:76:Infinity":6,"s:77:25:89:Infinity":7,"f:77:43:77:53":5,"b:78:4:80:Infinity:undefined:undefined:undefined:undefined":1,"s:78:4:80:Infinity":8,"s:79:6:79:Infinity":9,"s:82:29:82:Infinity":10,"s:83:4:83:Infinity":11,"s:85:4:88:Infinity":12,"s:92:17:92:Infinity":13,"b:93:2:101:Infinity:undefined:undefined:undefined:undefined":2,"s:93:2:101:Infinity":14,"b:93:6:93:31:93:31:93:57":3,"s:94:24:94:Infinity":15,"s:95:4:95:Infinity":16,"s:96:4:100:Infinity":17,"s:103:2:109:Infinity":18,"f:115:9:115:18":6,"s:116:17:116:Infinity":19,"f:116:36:116:41":7,"s:116:41:116:65":20,"b:117:2:119:Infinity:undefined:undefined:undefined:undefined":4,"s:117:2:119:Infinity":21,"s:118:4:118:Infinity":22,"s:122:22:124:Infinity":23,"f:123:9:123:15":8,"s:123:15:123:49":24,"f:123:32:123:37":9,"s:123:37:123:48":25,"f:124:12:124:13":10,"s:124:30:124:45":26,"b:126:2:128:Infinity:undefined:undefined:undefined:undefined":5,"s:126:2:128:Infinity":27,"s:127:4:127:Infinity":28,"s:131:25:139:Infinity":29,"f:131:43:131:48":11,"b:132:4:137:Infinity:undefined:undefined:undefined:undefined":6,"s:132:4:137:Infinity":30,"s:133:6:136:Infinity":31,"f:135:28:135:33":12,"s:135:33:135:63":32,"s:138:4:138:Infinity":33,"s:143:2:146:Infinity":34,"f:152:9:152:19":13,"s:153:24:153:Infinity":35,"s:156:22:157:Infinity":36,"b:156:22:156:Infinity:157:4:157:Infinity":7,"f:156:38:156:43":14,"s:156:43:156:65":37,"f:157:26:157:31":15,"s:157:31:157:37":38,"f:157:44:157:49":16,"s:157:49:157:71":39,"b:159:2:161:Infinity:undefined:undefined:undefined:undefined":8,"s:159:2:161:Infinity":40,"s:160:4:160:Infinity":41,"s:163:33:167:Infinity":42,"s:170:26:170:Infinity":43,"b:171:2:182:Infinity:173:9:182:Infinity":9,"s:171:2:182:Infinity":44,"s:172:4:172:Infinity":45,"b:175:4:181:Infinity:undefined:undefined:undefined:undefined":10,"s:175:4:181:Infinity":46,"s:176:23:176:Infinity":47,"b:177:6:179:Infinity:undefined:undefined:undefined:undefined":11,"s:177:6:179:Infinity":48,"s:178:8:178:Infinity":49,"s:180:6:180:Infinity":50,"s:184:2:187:Infinity":51,"f:193:9:193:24":17,"s:194:25:199:Infinity":52,"f:194:43:194:48":18,"b:195:4:197:Infinity:undefined:undefined:undefined:undefined":12,"s:195:4:197:Infinity":53,"s:196:6:196:Infinity":54,"s:198:4:198:Infinity":55,"s:201:2:204:Infinity":56,"f:210:9:210:23":19,"s:211:25:216:Infinity":57,"f:211:43:211:48":20,"b:212:4:214:Infinity:undefined:undefined:undefined:undefined":13,"s:212:4:214:Infinity":58,"s:213:6:213:Infinity":59,"s:215:4:215:Infinity":60,"s:218:2:221:Infinity":61,"f:227:9:227:24":21,"s:228:26:239:Infinity":62,"f:228:45:228:51":22,"b:229:4:237:Infinity:undefined:undefined:undefined:undefined":14,"s:229:4:237:Infinity":63,"s:230:6:236:Infinity":64,"s:238:4:238:Infinity":65,"s:241:2:244:Infinity":66,"f:250:9:250:23":23,"s:251:15:251:Infinity":67,"f:251:35:251:41":24,"s:251:41:251:64":68,"b:252:2:254:Infinity:undefined:undefined:undefined:undefined":15,"s:252:2:254:Infinity":69,"b:252:6:252:15:252:15:252:40":16,"s:253:4:253:Infinity":70,"s:256:28:256:Infinity":71,"s:257:34:257:Infinity":72,"b:257:54:257:87:257:87:257:Infinity":17,"s:259:2:262:Infinity":73,"f:268:9:268:23":25,"s:269:17:269:Infinity":74,"f:269:36:269:41":26,"s:269:41:269:65":75,"b:270:2:272:Infinity:undefined:undefined:undefined:undefined":18,"s:270:2:272:Infinity":76,"s:271:4:271:Infinity":77,"s:274:2:282:Infinity":78,"f:288:9:288:23":27,"b:289:2:291:Infinity:undefined:undefined:undefined:undefined":19,"s:289:2:291:Infinity":79,"s:290:4:290:Infinity":80,"s:293:2:300:Infinity":81,"f:306:9:306:23":28,"b:307:2:309:Infinity:undefined:undefined:undefined:undefined":20,"s:307:2:309:Infinity":82,"s:308:4:308:Infinity":83,"s:311:22:311:Infinity":84,"s:312:17:312:Infinity":85,"f:312:36:312:41":29,"s:312:41:312:70":86,"b:314:2:320:Infinity:undefined:undefined:undefined:undefined":21,"s:314:2:320:Infinity":87,"s:315:4:319:Infinity":88,"s:322:23:322:Infinity":89,"b:324:2:356:Infinity:341:9:356:Infinity":22,"s:324:2:356:Infinity":90,"s:326:29:326:Infinity":91,"s:327:4:332:Infinity":92,"f:327:40:327:45":30,"b:328:6:330:Infinity:undefined:undefined:undefined:undefined":23,"s:328:6:330:Infinity":93,"s:329:8:329:Infinity":94,"s:331:6:331:Infinity":95,"s:334:4:340:Infinity":96,"s:343:4:348:Infinity":97,"f:343:40:343:45":31,"b:344:6:346:Infinity:undefined:undefined:undefined:undefined":24,"s:344:6:346:Infinity":98,"s:345:8:345:Infinity":99,"s:347:6:347:Infinity":100,"s:350:4:355:Infinity":101,"f:362:9:362:30":32,"s:363:25:373:Infinity":102,"f:363:43:363:48":33,"b:364:4:371:Infinity:undefined:undefined:undefined:undefined":25,"s:364:4:371:Infinity":103,"s:365:25:365:Infinity":104,"s:366:6:370:Infinity":105,"s:372:4:372:Infinity":106,"s:375:2:378:Infinity":107,"f:384:9:384:21":34,"s:385:25:390:Infinity":108,"f:385:43:385:48":35,"b:386:4:388:Infinity:undefined:undefined:undefined:undefined":26,"s:386:4:388:Infinity":109,"s:387:6:387:Infinity":110,"s:389:4:389:Infinity":111,"s:392:2:395:Infinity":112,"f:401:9:401:17":36,"s:403:24:403:Infinity":113,"s:404:21:404:Infinity":114,"b:406:2:411:Infinity:undefined:undefined:undefined:undefined":27,"s:406:2:411:Infinity":115,"s:407:4:410:Infinity":116,"s:414:6:414:Infinity":117,"s:415:19:415:Infinity":118,"s:416:2:423:Infinity":119,"b:417:4:417:Infinity:418:5:418:Infinity:419:6:419:Infinity":28,"s:421:4:421:Infinity":120,"s:422:4:422:Infinity":121,"b:426:2:431:Infinity:undefined:undefined:undefined:undefined":29,"s:426:2:431:Infinity":122,"s:427:4:430:Infinity":123,"s:433:2:437:Infinity":124,"f:443:9:443:17":37,"s:444:2:447:Infinity":125,"f:453:16:453:28":38,"b:455:4:456:Infinity:457:4:458:Infinity:459:4:460:Infinity:461:4:462:Infinity:463:4:464:Infinity:465:4:466:Infinity:467:4:468:Infinity:469:4:470:Infinity:471:4:472:Infinity:473:4:474:Infinity:475:4:476:Infinity:477:4:478:Infinity:479:4:480:Infinity:481:4:482:Infinity:483:4:484:Infinity:485:4:486:Infinity:487:4:488:Infinity":30,"s:454:2:489:Infinity":126,"s:456:6:456:Infinity":127,"s:458:6:458:Infinity":128,"s:460:6:460:Infinity":129,"s:462:6:462:Infinity":130,"s:464:6:464:Infinity":131,"s:466:6:466:Infinity":132,"s:468:6:468:Infinity":133,"s:470:6:470:Infinity":134,"s:472:6:472:Infinity":135,"s:474:6:474:Infinity":136,"s:476:6:476:Infinity":137,"s:478:6:478:Infinity":138,"s:480:6:480:Infinity":139,"s:482:6:482:Infinity":140,"s:484:6:484:Infinity":141,"s:486:6:486:Infinity":142,"s:488:6:488:Infinity":143}}}
,"/Users/brooks/Documents/git/new-eleusis/src/engine/scoring.ts": {"path":"/Users/brooks/Documents/git/new-eleusis/src/engine/scoring.ts","statementMap":{"0":{"start":{"line":11,"column":14},"end":{"line":11,"column":null}},"1":{"start":{"line":14,"column":23},"end":{"line":16,"column":null}},"2":{"start":{"line":15,"column":10},"end":{"line":15,"column":null}},"3":{"start":{"line":17,"column":2},"end":{"line":17,"column":null}},"4":{"start":{"line":20,"column":29},"end":{"line":22,"column":null}},"5":{"start":{"line":21,"column":10},"end":{"line":21,"column":null}},"6":{"start":{"line":23,"column":2},"end":{"line":30,"column":null}},"7":{"start":{"line":24,"column":30},"end":{"line":24,"column":null}},"8":{"start":{"line":25,"column":4},"end":{"line":29,"column":null}},"9":{"start":{"line":26,"column":6},"end":{"line":26,"column":null}},"10":{"start":{"line":28,"column":6},"end":{"line":28,"column":null}},"11":{"start":{"line":33,"column":2},"end":{"line":33,"column":null}},"12":{"start":{"line":36,"column":2},"end":{"line":36,"column":null}},"13":{"start":{"line":38,"column":2},"end":{"line":38,"column":null}},"14":{"start":{"line":45,"column":17},"end":{"line":45,"column":null}},"15":{"start":{"line":45,"column":41},"end":{"line":45,"column":51}},"16":{"start":{"line":46,"column":2},"end":{"line":48,"column":null}},"17":{"start":{"line":47,"column":4},"end":{"line":47,"column":null}},"18":{"start":{"line":50,"column":14},"end":{"line":50,"column":null}},"19":{"start":{"line":53,"column":25},"end":{"line":53,"column":null}},"20":{"start":{"line":53,"column":53},"end":{"line":53,"column":64}},"21":{"start":{"line":54,"column":2},"end":{"line":54,"column":null}},"22":{"start":{"line":57,"column":2},"end":{"line":59,"column":null}},"23":{"start":{"line":58,"column":4},"end":{"line":58,"column":null}},"24":{"start":{"line":62,"column":2},"end":{"line":64,"column":null}},"25":{"start":{"line":63,"column":4},"end":{"line":63,"column":null}},"26":{"start":{"line":67,"column":30},"end":{"line":69,"column":null}},"27":{"start":{"line":68,"column":17},"end":{"line":68,"column":28}},"28":{"start":{"line":69,"column":24},"end":{"line":69,"column":45}},"29":{"start":{"line":70,"column":2},"end":{"line":70,"column":null}},"30":{"start":{"line":72,"column":2},"end":{"line":72,"column":null}},"31":{"start":{"line":79,"column":41},"end":{"line":79,"column":null}},"32":{"start":{"line":81,"column":2},"end":{"line":87,"column":null}},"33":{"start":{"line":82,"column":4},"end":{"line":86,"column":null}},"34":{"start":{"line":83,"column":6},"end":{"line":83,"column":null}},"35":{"start":{"line":85,"column":6},"end":{"line":85,"column":null}},"36":{"start":{"line":89,"column":2},"end":{"line":89,"column":null}},"37":{"start":{"line":96,"column":2},"end":{"line":98,"column":null}},"38":{"start":{"line":97,"column":4},"end":{"line":97,"column":null}},"39":{"start":{"line":100,"column":17},"end":{"line":100,"column":null}},"40":{"start":{"line":101,"column":24},"end":{"line":101,"column":null}},"41":{"start":{"line":101,"column":58},"end":{"line":101,"column":85}},"42":{"start":{"line":103,"column":2},"end":{"line":103,"column":null}}},"fnMap":{"0":{"name":"calculatePlayerScore","decl":{"start":{"line":10,"column":16},"end":{"line":10,"column":37}},"loc":{"start":{"line":10,"column":88},"end":{"line":39,"column":null}},"line":10},"1":{"name":"(anonymous_1)","decl":{"start":{"line":15,"column":4},"end":{"line":15,"column":10}},"loc":{"start":{"line":15,"column":10},"end":{"line":15,"column":null}},"line":15},"2":{"name":"(anonymous_2)","decl":{"start":{"line":21,"column":4},"end":{"line":21,"column":10}},"loc":{"start":{"line":21,"column":10},"end":{"line":21,"column":null}},"line":21},"3":{"name":"calculateDealerScore","decl":{"start":{"line":44,"column":16},"end":{"line":44,"column":37}},"loc":{"start":{"line":44,"column":63},"end":{"line":73,"column":null}},"line":44},"4":{"name":"(anonymous_4)","decl":{"start":{"line":45,"column":36},"end":{"line":45,"column":41}},"loc":{"start":{"line":45,"column":41},"end":{"line":45,"column":51}},"line":45},"5":{"name":"(anonymous_5)","decl":{"start":{"line":53,"column":47},"end":{"line":53,"column":53}},"loc":{"start":{"line":53,"column":53},"end":{"line":53,"column":64}},"line":53},"6":{"name":"(anonymous_6)","decl":{"start":{"line":68,"column":12},"end":{"line":68,"column":17}},"loc":{"start":{"line":68,"column":17},"end":{"line":68,"column":28}},"line":68},"7":{"name":"(anonymous_7)","decl":{"start":{"line":69,"column":12},"end":{"line":69,"column":13}},"loc":{"start":{"line":69,"column":24},"end":{"line":69,"column":45}},"line":69},"8":{"name":"calculateFinalScores","decl":{"start":{"line":78,"column":16},"end":{"line":78,"column":37}},"loc":{"start":{"line":78,"column":79},"end":{"line":90,"column":null}},"line":78},"9":{"name":"getLeader","decl":{"start":{"line":95,"column":16},"end":{"line":95,"column":26}},"loc":{"start":{"line":95,"column":59},"end":{"line":104,"column":null}},"line":95},"10":{"name":"(anonymous_10)","decl":{"start":{"line":101,"column":48},"end":{"line":101,"column":49}},"loc":{"start":{"line":101,"column":58},"end":{"line":101,"column":85}},"line":101}},"branchMap":{"0":{"loc":{"start":{"line":15,"column":10},"end":{"line":15,"column":null}},"type":"binary-expr","locations":[{"start":{"line":15,"column":10},"end":{"line":15,"column":39}},{"start":{"line":15,"column":39},"end":{"line":15,"column":null}}],"line":15},"1":{"loc":{"start":{"line":25,"column":4},"end":{"line":29,"column":null}},"type":"if","locations":[{"start":{"line":25,"column":4},"end":{"line":29,"column":null}},{"start":{"line":27,"column":11},"end":{"line":29,"column":null}}],"line":25},"2":{"loc":{"start":{"line":46,"column":2},"end":{"line":48,"column":null}},"type":"if","locations":[{"start":{"line":46,"column":2},"end":{"line":48,"column":null}},{"start":{},"end":{}}],"line":46},"3":{"loc":{"start":{"line":57,"column":2},"end":{"line":59,"column":null}},"type":"if","locations":[{"start":{"line":57,"column":2},"end":{"line":59,"column":null}},{"start":{},"end":{}}],"line":57},"4":{"loc":{"start":{"line":62,"column":2},"end":{"line":64,"column":null}},"type":"if","locations":[{"start":{"line":62,"column":2},"end":{"line":64,"column":null}},{"start":{},"end":{}}],"line":62},"5":{"loc":{"start":{"line":82,"column":4},"end":{"line":86,"column":null}},"type":"if","locations":[{"start":{"line":82,"column":4},"end":{"line":86,"column":null}},{"start":{"line":84,"column":11},"end":{"line":86,"column":null}}],"line":82},"6":{"loc":{"start":{"line":96,"column":2},"end":{"line":98,"column":null}},"type":"if","locations":[{"start":{"line":96,"column":2},"end":{"line":98,"column":null}},{"start":{},"end":{}}],"line":96}},"s":{"0":11,"1":11,"2":30,"3":11,"4":11,"5":30,"6":11,"7":3,"8":3,"9":2,"10":1,"11":11,"12":11,"13":11,"14":6,"15":6,"16":6,"17":0,"18":6,"19":6,"20":9,"21":6,"22":6,"23":5,"24":6,"25":1,"26":6,"27":15,"28":9,"29":6,"30":6,"31":2,"32":2,"33":6,"34":2,"35":4,"36":2,"37":2,"38":1,"39":1,"40":1,"41":2,"42":1},"f":{"0":11,"1":30,"2":30,"3":6,"4":6,"5":9,"6":15,"7":9,"8":2,"9":2,"10":2},"b":{"0":[30,15],"1":[2,1],"2":[0,6],"3":[5,1],"4":[1,5],"5":[2,4],"6":[1,1]},"meta":{"lastBranch":7,"lastFunction":11,"lastStatement":43,"seen":{"f:10:16:10:37":0,"s:11:14:11:Infinity":0,"s:14:23:16:Infinity":1,"f:15:4:15:10":1,"s:15:10:15:Infinity":2,"b:15:10:15:39:15:39:15:Infinity":0,"s:17:2:17:Infinity":3,"s:20:29:22:Infinity":4,"f:21:4:21:10":2,"s:21:10:21:Infinity":5,"s:23:2:30:Infinity":6,"s:24:30:24:Infinity":7,"b:25:4:29:Infinity:27:11:29:Infinity":1,"s:25:4:29:Infinity":8,"s:26:6:26:Infinity":9,"s:28:6:28:Infinity":10,"s:33:2:33:Infinity":11,"s:36:2:36:Infinity":12,"s:38:2:38:Infinity":13,"f:44:16:44:37":3,"s:45:17:45:Infinity":14,"f:45:36:45:41":4,"s:45:41:45:51":15,"b:46:2:48:Infinity:undefined:undefined:undefined:undefined":2,"s:46:2:48:Infinity":16,"s:47:4:47:Infinity":17,"s:50:14:50:Infinity":18,"s:53:25:53:Infinity":19,"f:53:47:53:53":5,"s:53:53:53:64":20,"s:54:2:54:Infinity":21,"b:57:2:59:Infinity:undefined:undefined:undefined:undefined":3,"s:57:2:59:Infinity":22,"s:58:4:58:Infinity":23,"b:62:2:64:Infinity:undefined:undefined:undefined:undefined":4,"s:62:2:64:Infinity":24,"s:63:4:63:Infinity":25,"s:67:30:69:Infinity":26,"f:68:12:68:17":6,"s:68:17:68:28":27,"f:69:12:69:13":7,"s:69:24:69:45":28,"s:70:2:70:Infinity":29,"s:72:2:72:Infinity":30,"f:78:16:78:37":8,"s:79:41:79:Infinity":31,"s:81:2:87:Infinity":32,"b:82:4:86:Infinity:84:11:86:Infinity":5,"s:82:4:86:Infinity":33,"s:83:6:83:Infinity":34,"s:85:6:85:Infinity":35,"s:89:2:89:Infinity":36,"f:95:16:95:26":9,"b:96:2:98:Infinity:undefined:undefined:undefined:undefined":6,"s:96:2:98:Infinity":37,"s:97:4:97:Infinity":38,"s:100:17:100:Infinity":39,"s:101:24:101:Infinity":40,"f:101:48:101:49":10,"s:101:58:101:85":41,"s:103:2:103:Infinity":42}}}
,"/Users/brooks/Documents/git/new-eleusis/src/engine/validation.ts": {"path":"/Users/brooks/Documents/git/new-eleusis/src/engine/validation.ts","statementMap":{"0":{"start":{"line":12,"column":2},"end":{"line":14,"column":null}},"1":{"start":{"line":13,"column":4},"end":{"line":13,"column":null}},"2":{"start":{"line":17,"column":24},"end":{"line":17,"column":null}},"3":{"start":{"line":18,"column":2},"end":{"line":20,"column":null}},"4":{"start":{"line":19,"column":4},"end":{"line":19,"column":null}},"5":{"start":{"line":23,"column":2},"end":{"line":25,"column":null}},"6":{"start":{"line":24,"column":4},"end":{"line":24,"column":null}},"7":{"start":{"line":28,"column":2},"end":{"line":30,"column":null}},"8":{"start":{"line":29,"column":4},"end":{"line":29,"column":null}},"9":{"start":{"line":33,"column":2},"end":{"line":35,"column":null}},"10":{"start":{"line":34,"column":4},"end":{"line":34,"column":null}},"11":{"start":{"line":37,"column":2},"end":{"line":37,"column":null}},"12":{"start":{"line":45,"column":2},"end":{"line":47,"column":null}},"13":{"start":{"line":46,"column":4},"end":{"line":46,"column":null}},"14":{"start":{"line":49,"column":17},"end":{"line":49,"column":null}},"15":{"start":{"line":49,"column":41},"end":{"line":49,"column":58}},"16":{"start":{"line":50,"column":2},"end":{"line":52,"column":null}},"17":{"start":{"line":51,"column":4},"end":{"line":51,"column":null}},"18":{"start":{"line":55,"column":2},"end":{"line":57,"column":null}},"19":{"start":{"line":56,"column":4},"end":{"line":56,"column":null}},"20":{"start":{"line":60,"column":2},"end":{"line":62,"column":null}},"21":{"start":{"line":61,"column":4},"end":{"line":61,"column":null}},"22":{"start":{"line":65,"column":2},"end":{"line":67,"column":null}},"23":{"start":{"line":66,"column":4},"end":{"line":66,"column":null}},"24":{"start":{"line":70,"column":2},"end":{"line":72,"column":null}},"25":{"start":{"line":71,"column":4},"end":{"line":71,"column":null}},"26":{"start":{"line":74,"column":2},"end":{"line":74,"column":null}},"27":{"start":{"line":82,"column":2},"end":{"line":84,"column":null}},"28":{"start":{"line":83,"column":4},"end":{"line":83,"column":null}},"29":{"start":{"line":87,"column":17},"end":{"line":87,"column":null}},"30":{"start":{"line":87,"column":41},"end":{"line":87,"column":58}},"31":{"start":{"line":88,"column":2},"end":{"line":90,"column":null}},"32":{"start":{"line":89,"column":4},"end":{"line":89,"column":null}},"33":{"start":{"line":92,"column":2},"end":{"line":92,"column":null}},"34":{"start":{"line":102,"column":24},"end":{"line":102,"column":null}},"35":{"start":{"line":105,"column":2},"end":{"line":107,"column":null}},"36":{"start":{"line":106,"column":4},"end":{"line":106,"column":null}},"37":{"start":{"line":110,"column":2},"end":{"line":112,"column":null}},"38":{"start":{"line":111,"column":4},"end":{"line":111,"column":null}},"39":{"start":{"line":115,"column":24},"end":{"line":115,"column":null}},"40":{"start":{"line":115,"column":60},"end":{"line":115,"column":64}},"41":{"start":{"line":116,"column":2},"end":{"line":120,"column":null}},"42":{"start":{"line":117,"column":4},"end":{"line":119,"column":null}},"43":{"start":{"line":118,"column":6},"end":{"line":118,"column":null}},"44":{"start":{"line":123,"column":2},"end":{"line":125,"column":null}},"45":{"start":{"line":124,"column":4},"end":{"line":124,"column":null}},"46":{"start":{"line":127,"column":2},"end":{"line":127,"column":null}},"47":{"start":{"line":134,"column":2},"end":{"line":134,"column":null}},"48":{"start":{"line":141,"column":2},"end":{"line":141,"column":null}},"49":{"start":{"line":149,"column":2},"end":{"line":151,"column":null}},"50":{"start":{"line":150,"column":4},"end":{"line":150,"column":null}},"51":{"start":{"line":154,"column":24},"end":{"line":154,"column":null}},"52":{"start":{"line":154,"column":50},"end":{"line":154,"column":78}},"53":{"start":{"line":155,"column":2},"end":{"line":157,"column":null}},"54":{"start":{"line":156,"column":4},"end":{"line":156,"column":null}},"55":{"start":{"line":160,"column":2},"end":{"line":162,"column":null}},"56":{"start":{"line":161,"column":4},"end":{"line":161,"column":null}},"57":{"start":{"line":164,"column":2},"end":{"line":164,"column":null}}},"fnMap":{"0":{"name":"canPlayCard","decl":{"start":{"line":10,"column":16},"end":{"line":10,"column":28}},"loc":{"start":{"line":10,"column":73},"end":{"line":38,"column":null}},"line":10},"1":{"name":"canDeclareProphet","decl":{"start":{"line":43,"column":16},"end":{"line":43,"column":34}},"loc":{"start":{"line":43,"column":79},"end":{"line":75,"column":null}},"line":43},"2":{"name":"(anonymous_2)","decl":{"start":{"line":49,"column":36},"end":{"line":49,"column":41}},"loc":{"start":{"line":49,"column":41},"end":{"line":49,"column":58}},"line":49},"3":{"name":"canDeclareNoPlay","decl":{"start":{"line":80,"column":16},"end":{"line":80,"column":33}},"loc":{"start":{"line":80,"column":78},"end":{"line":93,"column":null}},"line":80},"4":{"name":"(anonymous_4)","decl":{"start":{"line":87,"column":36},"end":{"line":87,"column":41}},"loc":{"start":{"line":87,"column":41},"end":{"line":87,"column":58}},"line":87},"5":{"name":"validatePlay","decl":{"start":{"line":98,"column":16},"end":{"line":98,"column":null}},"loc":{"start":{"line":101,"column":39},"end":{"line":128,"column":null}},"line":101},"6":{"name":"(anonymous_6)","decl":{"start":{"line":115,"column":55},"end":{"line":115,"column":60}},"loc":{"start":{"line":115,"column":60},"end":{"line":115,"column":64}},"line":115},"7":{"name":"shouldReceiveSuddenDeathMarker","decl":{"start":{"line":133,"column":16},"end":{"line":133,"column":47}},"loc":{"start":{"line":133,"column":100},"end":{"line":135,"column":null}},"line":133},"8":{"name":"shouldBeExpelled","decl":{"start":{"line":140,"column":16},"end":{"line":140,"column":33}},"loc":{"start":{"line":140,"column":58},"end":{"line":142,"column":null}},"line":140},"9":{"name":"shouldGameEnd","decl":{"start":{"line":147,"column":16},"end":{"line":147,"column":30}},"loc":{"start":{"line":147,"column":57},"end":{"line":165,"column":null}},"line":147},"10":{"name":"(anonymous_10)","decl":{"start":{"line":154,"column":45},"end":{"line":154,"column":50}},"loc":{"start":{"line":154,"column":50},"end":{"line":154,"column":78}},"line":154}},"branchMap":{"0":{"loc":{"start":{"line":12,"column":2},"end":{"line":14,"column":null}},"type":"if","locations":[{"start":{"line":12,"column":2},"end":{"line":14,"column":null}},{"start":{},"end":{}}],"line":12},"1":{"loc":{"start":{"line":18,"column":2},"end":{"line":20,"column":null}},"type":"if","locations":[{"start":{"line":18,"column":2},"end":{"line":20,"column":null}},{"start":{},"end":{}}],"line":18},"2":{"loc":{"start":{"line":23,"column":2},"end":{"line":25,"column":null}},"type":"if","locations":[{"start":{"line":23,"column":2},"end":{"line":25,"column":null}},{"start":{},"end":{}}],"line":23},"3":{"loc":{"start":{"line":28,"column":2},"end":{"line":30,"column":null}},"type":"if","locations":[{"start":{"line":28,"column":2},"end":{"line":30,"column":null}},{"start":{},"end":{}}],"line":28},"4":{"loc":{"start":{"line":33,"column":2},"end":{"line":35,"column":null}},"type":"if","locations":[{"start":{"line":33,"column":2},"end":{"line":35,"column":null}},{"start":{},"end":{}}],"line":33},"5":{"loc":{"start":{"line":45,"column":2},"end":{"line":47,"column":null}},"type":"if","locations":[{"start":{"line":45,"column":2},"end":{"line":47,"column":null}},{"start":{},"end":{}}],"line":45},"6":{"loc":{"start":{"line":50,"column":2},"end":{"line":52,"column":null}},"type":"if","locations":[{"start":{"line":50,"column":2},"end":{"line":52,"column":null}},{"start":{},"end":{}}],"line":50},"7":{"loc":{"start":{"line":55,"column":2},"end":{"line":57,"column":null}},"type":"if","locations":[{"start":{"line":55,"column":2},"end":{"line":57,"column":null}},{"start":{},"end":{}}],"line":55},"8":{"loc":{"start":{"line":60,"column":2},"end":{"line":62,"column":null}},"type":"if","locations":[{"start":{"line":60,"column":2},"end":{"line":62,"column":null}},{"start":{},"end":{}}],"line":60},"9":{"loc":{"start":{"line":65,"column":2},"end":{"line":67,"column":null}},"type":"if","locations":[{"start":{"line":65,"column":2},"end":{"line":67,"column":null}},{"start":{},"end":{}}],"line":65},"10":{"loc":{"start":{"line":70,"column":2},"end":{"line":72,"column":null}},"type":"if","locations":[{"start":{"line":70,"column":2},"end":{"line":72,"column":null}},{"start":{},"end":{}}],"line":70},"11":{"loc":{"start":{"line":82,"column":2},"end":{"line":84,"column":null}},"type":"if","locations":[{"start":{"line":82,"column":2},"end":{"line":84,"column":null}},{"start":{},"end":{}}],"line":82},"12":{"loc":{"start":{"line":88,"column":2},"end":{"line":90,"column":null}},"type":"if","locations":[{"start":{"line":88,"column":2},"end":{"line":90,"column":null}},{"start":{},"end":{}}],"line":88},"13":{"loc":{"start":{"line":88,"column":6},"end":{"line":88,"column":43}},"type":"binary-expr","locations":[{"start":{"line":88,"column":6},"end":{"line":88,"column":17}},{"start":{"line":88,"column":17},"end":{"line":88,"column":43}}],"line":88},"14":{"loc":{"start":{"line":105,"column":2},"end":{"line":107,"column":null}},"type":"if","locations":[{"start":{"line":105,"column":2},"end":{"line":107,"column":null}},{"start":{},"end":{}}],"line":105},"15":{"loc":{"start":{"line":110,"column":2},"end":{"line":112,"column":null}},"type":"if","locations":[{"start":{"line":110,"column":2},"end":{"line":112,"column":null}},{"start":{},"end":{}}],"line":110},"16":{"loc":{"start":{"line":110,"column":6},"end":{"line":110,"column":50}},"type":"binary-expr","locations":[{"start":{"line":110,"column":6},"end":{"line":110,"column":30}},{"start":{"line":110,"column":30},"end":{"line":110,"column":50}}],"line":110},"17":{"loc":{"start":{"line":117,"column":4},"end":{"line":119,"column":null}},"type":"if","locations":[{"start":{"line":117,"column":4},"end":{"line":119,"column":null}},{"start":{},"end":{}}],"line":117},"18":{"loc":{"start":{"line":123,"column":2},"end":{"line":125,"column":null}},"type":"if","locations":[{"start":{"line":123,"column":2},"end":{"line":125,"column":null}},{"start":{},"end":{}}],"line":123},"19":{"loc":{"start":{"line":133,"column":63},"end":{"line":133,"column":100}},"type":"default-arg","locations":[{"start":{"line":133,"column":87},"end":{"line":133,"column":100}}],"line":133},"20":{"loc":{"start":{"line":134,"column":9},"end":{"line":134,"column":null}},"type":"binary-expr","locations":[{"start":{"line":134,"column":9},"end":{"line":134,"column":48}},{"start":{"line":134,"column":48},"end":{"line":134,"column":null}}],"line":134},"21":{"loc":{"start":{"line":149,"column":2},"end":{"line":151,"column":null}},"type":"if","locations":[{"start":{"line":149,"column":2},"end":{"line":151,"column":null}},{"start":{},"end":{}}],"line":149},"22":{"loc":{"start":{"line":154,"column":50},"end":{"line":154,"column":78}},"type":"binary-expr","locations":[{"start":{"line":154,"column":50},"end":{"line":154,"column":65}},{"start":{"line":154,"column":65},"end":{"line":154,"column":78}}],"line":154},"23":{"loc":{"start":{"line":155,"column":2},"end":{"line":157,"column":null}},"type":"if","locations":[{"start":{"line":155,"column":2},"end":{"line":157,"column":null}},{"start":{},"end":{}}],"line":155},"24":{"loc":{"start":{"line":160,"column":2},"end":{"line":162,"column":null}},"type":"if","locations":[{"start":{"line":160,"column":2},"end":{"line":162,"column":null}},{"start":{},"end":{}}],"line":160}},"s":{"0":14,"1":1,"2":13,"3":13,"4":3,"5":10,"6":1,"7":9,"8":2,"9":7,"10":0,"11":7,"12":6,"13":1,"14":5,"15":9,"16":5,"17":0,"18":5,"19":1,"20":4,"21":1,"22":3,"23":1,"24":2,"25":1,"26":1,"27":3,"28":2,"29":1,"30":2,"31":1,"32":0,"33":1,"34":5,"35":5,"36":0,"37":5,"38":2,"39":3,"40":6,"41":3,"42":4,"43":1,"44":2,"45":1,"46":1,"47":9,"48":6,"49":8,"50":2,"51":6,"52":18,"53":6,"54":1,"55":5,"56":1,"57":4},"f":{"0":14,"1":6,"2":9,"3":3,"4":2,"5":5,"6":6,"7":9,"8":6,"9":8,"10":18},"b":{"0":[1,13],"1":[3,10],"2":[1,9],"3":[2,7],"4":[0,7],"5":[1,5],"6":[0,5],"7":[1,4],"8":[1,3],"9":[1,2],"10":[1,1],"11":[2,1],"12":[0,1],"13":[1,1],"14":[0,5],"15":[2,3],"16":[5,4],"17":[1,3],"18":[1,1],"19":[9],"20":[9,3],"21":[2,6],"22":[18,12],"23":[1,5],"24":[1,4]},"meta":{"lastBranch":25,"lastFunction":11,"lastStatement":58,"seen":{"f:10:16:10:28":0,"b:12:2:14:Infinity:undefined:undefined:undefined:undefined":0,"s:12:2:14:Infinity":0,"s:13:4:13:Infinity":1,"s:17:24:17:Infinity":2,"b:18:2:20:Infinity:undefined:undefined:undefined:undefined":1,"s:18:2:20:Infinity":3,"s:19:4:19:Infinity":4,"b:23:2:25:Infinity:undefined:undefined:undefined:undefined":2,"s:23:2:25:Infinity":5,"s:24:4:24:Infinity":6,"b:28:2:30:Infinity:undefined:undefined:undefined:undefined":3,"s:28:2:30:Infinity":7,"s:29:4:29:Infinity":8,"b:33:2:35:Infinity:undefined:undefined:undefined:undefined":4,"s:33:2:35:Infinity":9,"s:34:4:34:Infinity":10,"s:37:2:37:Infinity":11,"f:43:16:43:34":1,"b:45:2:47:Infinity:undefined:undefined:undefined:undefined":5,"s:45:2:47:Infinity":12,"s:46:4:46:Infinity":13,"s:49:17:49:Infinity":14,"f:49:36:49:41":2,"s:49:41:49:58":15,"b:50:2:52:Infinity:undefined:undefined:undefined:undefined":6,"s:50:2:52:Infinity":16,"s:51:4:51:Infinity":17,"b:55:2:57:Infinity:undefined:undefined:undefined:undefined":7,"s:55:2:57:Infinity":18,"s:56:4:56:Infinity":19,"b:60:2:62:Infinity:undefined:undefined:undefined:undefined":8,"s:60:2:62:Infinity":20,"s:61:4:61:Infinity":21,"b:65:2:67:Infinity:undefined:undefined:undefined:undefined":9,"s:65:2:67:Infinity":22,"s:66:4:66:Infinity":23,"b:70:2:72:Infinity:undefined:undefined:undefined:undefined":10,"s:70:2:72:Infinity":24,"s:71:4:71:Infinity":25,"s:74:2:74:Infinity":26,"f:80:16:80:33":3,"b:82:2:84:Infinity:undefined:undefined:undefined:undefined":11,"s:82:2:84:Infinity":27,"s:83:4:83:Infinity":28,"s:87:17:87:Infinity":29,"f:87:36:87:41":4,"s:87:41:87:58":30,"b:88:2:90:Infinity:undefined:undefined:undefined:undefined":12,"s:88:2:90:Infinity":31,"b:88:6:88:17:88:17:88:43":13,"s:89:4:89:Infinity":32,"s:92:2:92:Infinity":33,"f:98:16:98:Infinity":5,"s:102:24:102:Infinity":34,"b:105:2:107:Infinity:undefined:undefined:undefined:undefined":14,"s:105:2:107:Infinity":35,"s:106:4:106:Infinity":36,"b:110:2:112:Infinity:undefined:undefined:undefined:undefined":15,"s:110:2:112:Infinity":37,"b:110:6:110:30:110:30:110:50":16,"s:111:4:111:Infinity":38,"s:115:24:115:Infinity":39,"f:115:55:115:60":6,"s:115:60:115:64":40,"s:116:2:120:Infinity":41,"b:117:4:119:Infinity:undefined:undefined:undefined:undefined":17,"s:117:4:119:Infinity":42,"s:118:6:118:Infinity":43,"b:123:2:125:Infinity:undefined:undefined:undefined:undefined":18,"s:123:2:125:Infinity":44,"s:124:4:124:Infinity":45,"s:127:2:127:Infinity":46,"f:133:16:133:47":7,"b:133:87:133:100":19,"s:134:2:134:Infinity":47,"b:134:9:134:48:134:48:134:Infinity":20,"f:140:16:140:33":8,"s:141:2:141:Infinity":48,"f:147:16:147:30":9,"b:149:2:151:Infinity:undefined:undefined:undefined:undefined":21,"s:149:2:151:Infinity":49,"s:150:4:150:Infinity":50,"s:154:24:154:Infinity":51,"f:154:45:154:50":10,"s:154:50:154:78":52,"b:154:50:154:65:154:65:154:78":22,"b:155:2:157:Infinity:undefined:undefined:undefined:undefined":23,"s:155:2:157:Infinity":53,"s:156:4:156:Infinity":54,"b:160:2:162:Infinity:undefined:undefined:undefined:undefined":24,"s:160:2:162:Infinity":55,"s:161:4:161:Infinity":56,"s:164:2:164:Infinity":57}}}
,"/Users/brooks/Documents/git/new-eleusis/src/engine/ai/dealer.ts": {"path":"/Users/brooks/Documents/git/new-eleusis/src/engine/ai/dealer.ts","statementMap":{"0":{"start":{"line":15,"column":4},"end":{"line":20,"column":null}},"1":{"start":{"line":16,"column":12},"end":{"line":16,"column":null}},"2":{"start":{"line":17,"column":6},"end":{"line":17,"column":null}},"3":{"start":{"line":19,"column":6},"end":{"line":19,"column":null}},"4":{"start":{"line":27,"column":4},"end":{"line":27,"column":null}},"5":{"start":{"line":34,"column":4},"end":{"line":34,"column":null}},"6":{"start":{"line":41,"column":4},"end":{"line":41,"column":null}},"7":{"start":{"line":48,"column":4},"end":{"line":48,"column":null}},"8":{"start":{"line":56,"column":2},"end":{"line":56,"column":null}}},"fnMap":{"0":{"name":"(anonymous_0)","decl":{"start":{"line":14,"column":2},"end":{"line":14,"column":14}},"loc":{"start":{"line":14,"column":33},"end":{"line":21,"column":null}},"line":14},"1":{"name":"(anonymous_1)","decl":{"start":{"line":26,"column":2},"end":{"line":26,"column":24}},"loc":{"start":{"line":26,"column":24},"end":{"line":28,"column":null}},"line":26},"2":{"name":"(anonymous_2)","decl":{"start":{"line":33,"column":2},"end":{"line":33,"column":31}},"loc":{"start":{"line":33,"column":31},"end":{"line":35,"column":null}},"line":33},"3":{"name":"(anonymous_3)","decl":{"start":{"line":40,"column":2},"end":{"line":40,"column":12}},"loc":{"start":{"line":40,"column":52},"end":{"line":42,"column":null}},"line":40},"4":{"name":"(anonymous_4)","decl":{"start":{"line":47,"column":2},"end":{"line":47,"column":64}},"loc":{"start":{"line":47,"column":64},"end":{"line":49,"column":null}},"line":47},"5":{"name":"createAIDealer","decl":{"start":{"line":55,"column":16},"end":{"line":55,"column":31}},"loc":{"start":{"line":55,"column":60},"end":{"line":57,"column":null}},"line":55}},"branchMap":{"0":{"loc":{"start":{"line":15,"column":4},"end":{"line":20,"column":null}},"type":"if","locations":[{"start":{"line":15,"column":4},"end":{"line":20,"column":null}},{"start":{"line":18,"column":11},"end":{"line":20,"column":null}}],"line":15},"1":{"loc":{"start":{"line":17,"column":18},"end":{"line":17,"column":null}},"type":"binary-expr","locations":[{"start":{"line":17,"column":18},"end":{"line":17,"column":31}},{"start":{"line":17,"column":18},"end":{"line":17,"column":null}}],"line":17}},"s":{"0":12,"1":10,"2":10,"3":2,"4":5,"5":2,"6":7,"7":2,"8":2},"f":{"0":12,"1":5,"2":2,"3":7,"4":2,"5":2},"b":{"0":[10,2],"1":[10,1]},"meta":{"lastBranch":2,"lastFunction":6,"lastStatement":9,"seen":{"f:14:2:14:14":0,"b:15:4:20:Infinity:18:11:20:Infinity":0,"s:15:4:20:Infinity":0,"s:16:12:16:Infinity":1,"s:17:6:17:Infinity":2,"b:17:18:17:31:17:18:17:Infinity":1,"s:19:6:19:Infinity":3,"f:26:2:26:24":1,"s:27:4:27:Infinity":4,"f:33:2:33:31":2,"s:34:4:34:Infinity":5,"f:40:2:40:12":3,"s:41:4:41:Infinity":6,"f:47:2:47:64":4,"s:48:4:48:Infinity":7,"f:55:16:55:31":5,"s:56:2:56:Infinity":8}}}
,"/Users/brooks/Documents/git/new-eleusis/src/engine/ai/player.ts": {"path":"/Users/brooks/Documents/git/new-eleusis/src/engine/ai/player.ts","statementMap":{"0":{"start":{"line":13,"column":2},"end":{"line":15,"column":null}},"1":{"start":{"line":14,"column":4},"end":{"line":14,"column":null}},"2":{"start":{"line":17,"column":22},"end":{"line":17,"column":null}},"3":{"start":{"line":18,"column":2},"end":{"line":18,"column":null}},"4":{"start":{"line":26,"column":2},"end":{"line":26,"column":null}},"5":{"start":{"line":34,"column":16},"end":{"line":34,"column":null}},"6":{"start":{"line":35,"column":34},"end":{"line":35,"column":null}},"7":{"start":{"line":37,"column":2},"end":{"line":42,"column":null}},"8":{"start":{"line":37,"column":15},"end":{"line":37,"column":18}},"9":{"start":{"line":38,"column":17},"end":{"line":38,"column":null}},"10":{"start":{"line":38,"column":51},"end":{"line":38,"column":80}},"11":{"start":{"line":39,"column":4},"end":{"line":41,"column":null}},"12":{"start":{"line":40,"column":6},"end":{"line":40,"column":null}},"13":{"start":{"line":44,"column":2},"end":{"line":44,"column":null}},"14":{"start":{"line":52,"column":2},"end":{"line":52,"column":null}},"15":{"start":{"line":60,"column":2},"end":{"line":60,"column":null}}},"fnMap":{"0":{"name":"selectRandomCard","decl":{"start":{"line":12,"column":16},"end":{"line":12,"column":33}},"loc":{"start":{"line":12,"column":60},"end":{"line":19,"column":null}},"line":12},"1":{"name":"selectCardCount","decl":{"start":{"line":25,"column":16},"end":{"line":25,"column":32}},"loc":{"start":{"line":25,"column":54},"end":{"line":27,"column":null}},"line":25},"2":{"name":"selectCardsToPlay","decl":{"start":{"line":33,"column":16},"end":{"line":33,"column":34}},"loc":{"start":{"line":33,"column":77},"end":{"line":45,"column":null}},"line":33},"3":{"name":"(anonymous_3)","decl":{"start":{"line":38,"column":46},"end":{"line":38,"column":51}},"loc":{"start":{"line":38,"column":51},"end":{"line":38,"column":80}},"line":38},"4":{"name":"shouldDeclareNoPlay","decl":{"start":{"line":51,"column":16},"end":{"line":51,"column":36}},"loc":{"start":{"line":51,"column":79},"end":{"line":53,"column":null}},"line":51},"5":{"name":"shouldDeclareProphet","decl":{"start":{"line":59,"column":16},"end":{"line":59,"column":37}},"loc":{"start":{"line":59,"column":84},"end":{"line":61,"column":null}},"line":59}},"branchMap":{"0":{"loc":{"start":{"line":13,"column":2},"end":{"line":15,"column":null}},"type":"if","locations":[{"start":{"line":13,"column":2},"end":{"line":15,"column":null}},{"start":{},"end":{}}],"line":13},"1":{"loc":{"start":{"line":39,"column":4},"end":{"line":41,"column":null}},"type":"if","locations":[{"start":{"line":39,"column":4},"end":{"line":41,"column":null}},{"start":{},"end":{}}],"line":39}},"s":{"0":55,"1":1,"2":54,"3":54,"4":7,"5":4,"6":4,"7":4,"8":4,"9":3,"10":9,"11":3,"12":3,"13":3,"14":2,"15":1},"f":{"0":55,"1":7,"2":4,"3":9,"4":2,"5":1},"b":{"0":[1,54],"1":[3,0]},"meta":{"lastBranch":2,"lastFunction":6,"lastStatement":16,"seen":{"f:12:16:12:33":0,"b:13:2:15:Infinity:undefined:undefined:undefined:undefined":0,"s:13:2:15:Infinity":0,"s:14:4:14:Infinity":1,"s:17:22:17:Infinity":2,"s:18:2:18:Infinity":3,"f:25:16:25:32":1,"s:26:2:26:Infinity":4,"f:33:16:33:34":2,"s:34:16:34:Infinity":5,"s:35:34:35:Infinity":6,"s:37:2:42:Infinity":7,"s:37:15:37:18":8,"s:38:17:38:Infinity":9,"f:38:46:38:51":3,"s:38:51:38:80":10,"b:39:4:41:Infinity:undefined:undefined:undefined:undefined":1,"s:39:4:41:Infinity":11,"s:40:6:40:Infinity":12,"s:44:2:44:Infinity":13,"f:51:16:51:36":4,"s:52:2:52:Infinity":14,"f:59:16:59:37":5,"s:60:2:60:Infinity":15}}}
,"/Users/brooks/Documents/git/new-eleusis/src/engine/ai/rules.ts": {"path":"/Users/brooks/Documents/git/new-eleusis/src/engine/ai/rules.ts","statementMap":{"0":{"start":{"line":18,"column":33},"end":{"line":90,"column":null}},"1":{"start":{"line":23,"column":6},"end":{"line":23,"column":null}},"2":{"start":{"line":30,"column":6},"end":{"line":30,"column":null}},"3":{"start":{"line":37,"column":6},"end":{"line":37,"column":null}},"4":{"start":{"line":44,"column":6},"end":{"line":44,"column":null}},"5":{"start":{"line":51,"column":6},"end":{"line":51,"column":null}},"6":{"start":{"line":58,"column":6},"end":{"line":58,"column":null}},"7":{"start":{"line":65,"column":6},"end":{"line":65,"column":null}},"8":{"start":{"line":72,"column":6},"end":{"line":72,"column":null}},"9":{"start":{"line":79,"column":6},"end":{"line":79,"column":null}},"10":{"start":{"line":86,"column":19},"end":{"line":86,"column":null}},"11":{"start":{"line":87,"column":6},"end":{"line":87,"column":null}},"12":{"start":{"line":96,"column":2},"end":{"line":96,"column":null}},"13":{"start":{"line":103,"column":2},"end":{"line":103,"column":null}},"14":{"start":{"line":103,"column":32},"end":{"line":103,"column":50}}},"fnMap":{"0":{"name":"(anonymous_0)","decl":{"start":{"line":22,"column":11},"end":{"line":22,"column":12}},"loc":{"start":{"line":22,"column":34},"end":{"line":24,"column":null}},"line":22},"1":{"name":"(anonymous_1)","decl":{"start":{"line":29,"column":11},"end":{"line":29,"column":12}},"loc":{"start":{"line":29,"column":34},"end":{"line":31,"column":null}},"line":29},"2":{"name":"(anonymous_2)","decl":{"start":{"line":36,"column":11},"end":{"line":36,"column":12}},"loc":{"start":{"line":36,"column":34},"end":{"line":38,"column":null}},"line":36},"3":{"name":"(anonymous_3)","decl":{"start":{"line":43,"column":11},"end":{"line":43,"column":12}},"loc":{"start":{"line":43,"column":34},"end":{"line":45,"column":null}},"line":43},"4":{"name":"(anonymous_4)","decl":{"start":{"line":50,"column":11},"end":{"line":50,"column":12}},"loc":{"start":{"line":50,"column":34},"end":{"line":52,"column":null}},"line":50},"5":{"name":"(anonymous_5)","decl":{"start":{"line":57,"column":11},"end":{"line":57,"column":12}},"loc":{"start":{"line":57,"column":34},"end":{"line":59,"column":null}},"line":57},"6":{"name":"(anonymous_6)","decl":{"start":{"line":64,"column":11},"end":{"line":64,"column":12}},"loc":{"start":{"line":64,"column":35},"end":{"line":66,"column":null}},"line":64},"7":{"name":"(anonymous_7)","decl":{"start":{"line":71,"column":11},"end":{"line":71,"column":12}},"loc":{"start":{"line":71,"column":35},"end":{"line":73,"column":null}},"line":71},"8":{"name":"(anonymous_8)","decl":{"start":{"line":78,"column":11},"end":{"line":78,"column":12}},"loc":{"start":{"line":78,"column":35},"end":{"line":80,"column":null}},"line":78},"9":{"name":"(anonymous_9)","decl":{"start":{"line":85,"column":11},"end":{"line":85,"column":12}},"loc":{"start":{"line":85,"column":34},"end":{"line":88,"column":null}},"line":85},"10":{"name":"getRandomRule","decl":{"start":{"line":95,"column":16},"end":{"line":95,"column":38}},"loc":{"start":{"line":95,"column":38},"end":{"line":97,"column":null}},"line":95},"11":{"name":"getRuleByName","decl":{"start":{"line":102,"column":16},"end":{"line":102,"column":30}},"loc":{"start":{"line":102,"column":62},"end":{"line":104,"column":null}},"line":102},"12":{"name":"(anonymous_12)","decl":{"start":{"line":103,"column":24},"end":{"line":103,"column":32}},"loc":{"start":{"line":103,"column":32},"end":{"line":103,"column":50}},"line":103}},"branchMap":{"0":{"loc":{"start":{"line":51,"column":13},"end":{"line":51,"column":null}},"type":"binary-expr","locations":[{"start":{"line":51,"column":13},"end":{"line":51,"column":47}},{"start":{"line":51,"column":47},"end":{"line":51,"column":null}}],"line":51}},"s":{"0":2,"1":7,"2":7,"3":5,"4":2,"5":3,"6":3,"7":2,"8":2,"9":4,"10":3,"11":3,"12":54,"13":35,"14":167},"f":{"0":7,"1":7,"2":5,"3":2,"4":3,"5":3,"6":2,"7":2,"8":4,"9":3,"10":54,"11":35,"12":167},"b":{"0":[3,2]},"meta":{"lastBranch":1,"lastFunction":13,"lastStatement":15,"seen":{"s:18:33:90:Infinity":0,"f:22:11:22:12":0,"s:23:6:23:Infinity":1,"f:29:11:29:12":1,"s:30:6:30:Infinity":2,"f:36:11:36:12":2,"s:37:6:37:Infinity":3,"f:43:11:43:12":3,"s:44:6:44:Infinity":4,"f:50:11:50:12":4,"s:51:6:51:Infinity":5,"b:51:13:51:47:51:47:51:Infinity":0,"f:57:11:57:12":5,"s:58:6:58:Infinity":6,"f:64:11:64:12":6,"s:65:6:65:Infinity":7,"f:71:11:71:12":7,"s:72:6:72:Infinity":8,"f:78:11:78:12":8,"s:79:6:79:Infinity":9,"f:85:11:85:12":9,"s:86:19:86:Infinity":10,"s:87:6:87:Infinity":11,"f:95:16:95:38":10,"s:96:2:96:Infinity":12,"f:102:16:102:30":11,"s:103:2:103:Infinity":13,"f:103:24:103:32":12,"s:103:32:103:50":14}}}
}
